{
  "stats": {
    "suites": 1,
    "tests": 2,
    "passes": 2,
    "pending": 0,
    "failures": 0,
    "start": "2025-04-16T18:31:08.806Z",
    "end": "2025-04-16T18:31:23.997Z",
    "duration": 15191,
    "testsRegistered": 2,
    "passPercent": 100,
    "pendingPercent": 0,
    "other": 0,
    "hasOther": false,
    "skipped": 0,
    "hasSkipped": false
  },
  "results": [
    {
      "uuid": "c142f587-f1b4-440b-b2db-df5a6bc4fab7",
      "title": "",
      "fullFile": "cypress\\e2e\\cadastro.cy.js",
      "file": "cypress\\e2e\\cadastro.cy.js",
      "beforeHooks": [],
      "afterHooks": [],
      "tests": [],
      "suites": [
        {
          "uuid": "51de271e-b2c4-4bd9-abd8-4852433d3156",
          "title": "Cadastro de Clientes com saldo e sem saldo",
          "fullFile": "",
          "file": "",
          "beforeHooks": [],
          "afterHooks": [],
          "tests": [
            {
              "title": "deve cadastrar cliente com saldo",
              "fullTitle": "Cadastro de Clientes com saldo e sem saldo deve cadastrar cliente com saldo",
              "timedOut": null,
              "duration": 9040,
              "state": "passed",
              "speed": "medium",
              "pass": true,
              "fail": false,
              "pending": false,
              "context": null,
              "code": "cy.navegarParaCadastro();\ncy.cadastrarCliente(clienteComSaldo.nome, clienteComSaldo.cpf, clienteComSaldo.saldo);\ncy.contains('Cliente salvo com sucesso').should('be.visible');",
              "err": {},
              "uuid": "76bee3f4-4be0-4a94-aa75-26bcdd9627ab",
              "parentUUID": "51de271e-b2c4-4bd9-abd8-4852433d3156",
              "isHook": false,
              "skipped": false
            },
            {
              "title": "deve cadastrar cliente sem saldo",
              "fullTitle": "Cadastro de Clientes com saldo e sem saldo deve cadastrar cliente sem saldo",
              "timedOut": null,
              "duration": 6088,
              "state": "passed",
              "speed": "medium",
              "pass": true,
              "fail": false,
              "pending": false,
              "context": null,
              "code": "cy.navegarParaCadastro();\ncy.cadastrarCliente(clienteSemSaldo.nome, clienteSemSaldo.cpf, clienteSemSaldo.saldo);\ncy.contains('Cliente salvo com sucesso').should('be.visible');",
              "err": {},
              "uuid": "c529d210-2f60-4a09-a258-342d43307924",
              "parentUUID": "51de271e-b2c4-4bd9-abd8-4852433d3156",
              "isHook": false,
              "skipped": false
            }
          ],
          "suites": [],
          "passes": [
            "76bee3f4-4be0-4a94-aa75-26bcdd9627ab",
            "c529d210-2f60-4a09-a258-342d43307924"
          ],
          "failures": [],
          "pending": [],
          "skipped": [],
          "duration": 15128,
          "root": false,
          "rootEmpty": false,
          "_timeout": 2000
        }
      ],
      "passes": [],
      "failures": [],
      "pending": [],
      "skipped": [],
      "duration": 0,
      "root": true,
      "rootEmpty": true,
      "_timeout": 2000
    }
  ],
  "meta": {
    "mocha": {
      "version": "7.2.0"
    },
    "mochawesome": {
      "options": {
        "quiet": false,
        "reportFilename": "mochawesome",
        "saveHtml": false,
        "saveJson": true,
        "consoleReporter": "spec",
        "useInlineDiffs": false,
        "code": true
      },
      "version": "7.1.3"
    },
    "marge": {
      "options": {
        "reportDir": "cypress/reports",
        "overwrite": false,
        "html": false,
        "json": true
      },
      "version": "6.2.0"
    }
  }
}
