{
  "stats": {
    "suites": 1,
    "tests": 1,
    "passes": 1,
    "pending": 0,
    "failures": 0,
    "start": "2025-04-16T18:31:25.302Z",
    "end": "2025-04-16T18:31:28.975Z",
    "duration": 3673,
    "testsRegistered": 1,
    "passPercent": 100,
    "pendingPercent": 0,
    "other": 0,
    "hasOther": false,
    "skipped": 0,
    "hasSkipped": false
  },
  "results": [
    {
      "uuid": "c156ce95-f93a-40a4-bd39-017154f9d6bf",
      "title": "",
      "fullFile": "cypress\\e2e\\login.cy.js",
      "file": "cypress\\e2e\\login.cy.js",
      "beforeHooks": [],
      "afterHooks": [],
      "tests": [],
      "suites": [
        {
          "uuid": "cff19b82-d955-4865-b201-5d19bdc859de",
          "title": "Login",
          "fullFile": "",
          "file": "",
          "beforeHooks": [],
          "afterHooks": [],
          "tests": [
            {
              "title": "deve fazer login com sucesso",
              "fullTitle": "Login deve fazer login com sucesso",
              "timedOut": null,
              "duration": 3638,
              "state": "passed",
              "speed": "fast",
              "pass": true,
              "fail": false,
              "pending": false,
              "context": null,
              "code": "cy.login();\ncy.url().should('include', '/inicio');\ncy.contains('Bem vindo ao Desafio').should('be.visible');",
              "err": {},
              "uuid": "b46e16ee-085d-4433-a9d1-6725b1285a0e",
              "parentUUID": "cff19b82-d955-4865-b201-5d19bdc859de",
              "isHook": false,
              "skipped": false
            }
          ],
          "suites": [],
          "passes": ["b46e16ee-085d-4433-a9d1-6725b1285a0e"],
          "failures": [],
          "pending": [],
          "skipped": [],
          "duration": 3638,
          "root": false,
          "rootEmpty": false,
          "_timeout": 2000
        }
      ],
      "passes": [],
      "failures": [],
      "pending": [],
      "skipped": [],
      "duration": 0,
      "root": true,
      "rootEmpty": true,
      "_timeout": 2000
    }
  ],
  "meta": {
    "mocha": {
      "version": "7.2.0"
    },
    "mochawesome": {
      "options": {
        "quiet": false,
        "reportFilename": "mochawesome",
        "saveHtml": false,
        "saveJson": true,
        "consoleReporter": "spec",
        "useInlineDiffs": false,
        "code": true
      },
      "version": "7.1.3"
    },
    "marge": {
      "options": {
        "reportDir": "cypress/reports",
        "overwrite": false,
        "html": false,
        "json": true
      },
      "version": "6.2.0"
    }
  }
}
