{
  "stats": {
    "suites": 1,
    "tests": 2,
    "passes": 2,
    "pending": 0,
    "failures": 0,
    "start": "2025-04-16T18:31:32.526Z",
    "end": "2025-04-16T18:31:44.031Z",
    "duration": 11505,
    "testsRegistered": 2,
    "passPercent": 100,
    "pendingPercent": 0,
    "other": 0,
    "hasOther": false,
    "skipped": 0,
    "hasSkipped": false
  },
  "results": [
    {
      "uuid": "c7e3f5f7-8473-4306-8c63-166511f22536",
      "title": "",
      "fullFile": "cypress\\e2e\\transacao.cy.js",
      "file": "cypress\\e2e\\transacao.cy.js",
      "beforeHooks": [],
      "afterHooks": [],
      "tests": [],
      "suites": [
        {
          "uuid": "723f7b1f-1458-45d4-a5fb-cda899fa12fd",
          "title": "Transações com clientes reais já cadastrados",
          "fullFile": "",
          "file": "",
          "beforeHooks": [],
          "afterHooks": [],
          "tests": [
            {
              "title": "deve realizar uma transação com sucesso para a cliente Madeline",
              "fullTitle": "Transações com clientes reais já cadastrados deve realizar uma transação com sucesso para a cliente Madeline",
              "timedOut": null,
              "duration": 7284,
              "state": "passed",
              "speed": "medium",
              "pass": true,
              "fail": false,
              "pending": false,
              "context": null,
              "code": "cy.realizarTransacaoPorNome('Madeline', '300');\ncy.contains('Venda realizada com sucesso').should('be.visible');",
              "err": {},
              "uuid": "ec5d12a0-d41b-4e6b-b2e2-215ba62363b6",
              "parentUUID": "723f7b1f-1458-45d4-a5fb-cda899fa12fd",
              "isHook": false,
              "skipped": false
            },
            {
              "title": "deve bloquear a transação para a cliente Winona (saldo insuficiente)",
              "fullTitle": "Transações com clientes reais já cadastrados deve bloquear a transação para a cliente Winona (saldo insuficiente)",
              "timedOut": null,
              "duration": 4155,
              "state": "passed",
              "speed": "fast",
              "pass": true,
              "fail": false,
              "pending": false,
              "context": null,
              "code": "cy.realizarTransacaoPorNome('Winona', '100');\ncy.get('body').then($body => {\n  if ($body.text().includes('Venda realizada com sucesso')) {\n    throw new Error('Erro crítico: transação com saldo insuficiente foi aceita');\n  } else {\n    cy.log('Transação foi corretamente bloqueada (sem feedback visível)');\n  }\n});",
              "err": {},
              "uuid": "e993c0a5-a96c-4269-bea6-a71f10012ede",
              "parentUUID": "723f7b1f-1458-45d4-a5fb-cda899fa12fd",
              "isHook": false,
              "skipped": false
            }
          ],
          "suites": [],
          "passes": [
            "ec5d12a0-d41b-4e6b-b2e2-215ba62363b6",
            "e993c0a5-a96c-4269-bea6-a71f10012ede"
          ],
          "failures": [],
          "pending": [],
          "skipped": [],
          "duration": 11439,
          "root": false,
          "rootEmpty": false,
          "_timeout": 2000
        }
      ],
      "passes": [],
      "failures": [],
      "pending": [],
      "skipped": [],
      "duration": 0,
      "root": true,
      "rootEmpty": true,
      "_timeout": 2000
    }
  ],
  "meta": {
    "mocha": {
      "version": "7.2.0"
    },
    "mochawesome": {
      "options": {
        "quiet": false,
        "reportFilename": "mochawesome",
        "saveHtml": false,
        "saveJson": true,
        "consoleReporter": "spec",
        "useInlineDiffs": false,
        "code": true
      },
      "version": "7.1.3"
    },
    "marge": {
      "options": {
        "reportDir": "cypress/reports",
        "overwrite": false,
        "html": false,
        "json": true
      },
      "version": "6.2.0"
    }
  }
}
